<?xml version="1.0" encoding="UTF-8"?>
<!-- Generated by org.testng.reporters.JUnitXMLReporter -->
<testsuite hostname="DHARSHI" ignored="0" name="Default test" tests="4" failures="0" timestamp="17 Nov 2022 15:30:21 GMT" time="0.094" errors="0">
  <testcase name="tc10" time="0.015" classname="org.test.Failestest2"/>
  <testcase name="tc20" time="0.0" classname="org.test.Failestest2"/>
  <testcase name="tc30" time="0.0" classname="org.test.Failestest2"/>
  <testcase name="tc40" time="0.0" classname="org.test.Failestest2"/>
</testsuite> <!-- Default test -->
